<?xml version="1.0" encoding="UTF-8"?>
<!-- Generated by org.testng.reporters.JUnitReportReporter -->
<testsuite hostname="Laptop" failures="0" tests="3" name="OP.testcases.LoginPageTest" time="44.689" errors="0" timestamp="03 Apr. 2023 03:09:26 GMT" skipped="0">
  <testcase classname="OP.testcases.LoginPageTest" name="titleTest" time="9.514"/>
  <testcase classname="OP.testcases.LoginPageTest" name="logoTest" time="12.166"/>
  <testcase classname="OP.testcases.LoginPageTest" name="loginValidTest" time="23.009"/>
</testsuite> <!-- OP.testcases.LoginPageTest -->
