<?xml version="1.0" encoding="UTF-8"?>
<!-- Generated by org.testng.reporters.JUnitReportReporter -->
<testsuite hostname="Laptop" failures="0" tests="1" name="OP.testcases.ContactsPageTest" time="47.001" errors="0" timestamp="03 Apr. 2023 03:09:26 GMT" skipped="0">
  <testcase classname="OP.testcases.ContactsPageTest" name="NewContactTest" time="47.001"/>
</testsuite> <!-- OP.testcases.ContactsPageTest -->
