<?xml version="1.0" encoding="UTF-8"?>
<!-- Generated by org.testng.reporters.JUnitReportReporter -->
<testsuite hostname="Laptop" failures="0" tests="3" name="OP.testcases.LoginPageTest" time="45.408" errors="0" timestamp="03 Apr. 2023 05:33:27 GMT" skipped="0">
  <testcase classname="OP.testcases.LoginPageTest" name="titleTest" time="10.493"/>
  <testcase classname="OP.testcases.LoginPageTest" name="logoTest" time="12.218"/>
  <testcase classname="OP.testcases.LoginPageTest" name="loginValidTest" time="22.697"/>
</testsuite> <!-- OP.testcases.LoginPageTest -->
