<?xml version="1.0" encoding="UTF-8"?>
<!-- Generated by org.testng.reporters.JUnitReportReporter -->
<testsuite hostname="Laptop" failures="0" tests="3" name="OP.testcases.ContactsPageTest" time="109.810" errors="0" timestamp="03 Apr. 2023 05:33:27 GMT" skipped="0">
  <testcase classname="OP.testcases.ContactsPageTest" name="ValidateContactPageTest" time="35.603"/>
  <testcase classname="OP.testcases.ContactsPageTest" name="ContactsNamesTest" time="27.858"/>
  <testcase classname="OP.testcases.ContactsPageTest" name="NewContactTest" time="46.349"/>
</testsuite> <!-- OP.testcases.ContactsPageTest -->
